<?xml version="1.0" encoding="UTF-8" ?>
<testsuite tests="36" failures="4" name="runner.TestRunner" time="13.813" errors="0" skipped="0">
  <properties>
    <property name="java.runtime.name" value="Java(TM) SE Runtime Environment"/>
    <property name="java.vm.version" value="14.0.1+7"/>
    <property name="sun.boot.library.path" value="C:\Program Files\Java\jdk-14.0.1\bin"/>
    <property name="maven.multiModuleProjectDirectory" value="C:\Users\Krishna\eclipse-workspace\LumiraDXblogAPI"/>
    <property name="java.vm.vendor" value="Oracle Corporation"/>
    <property name="java.vendor.url" value="https://java.oracle.com/"/>
    <property name="guice.disable.misplaced.annotation.check" value="true"/>
    <property name="path.separator" value=";"/>
    <property name="java.vm.name" value="Java HotSpot(TM) 64-Bit Server VM"/>
    <property name="sun.os.patch.level" value=""/>
    <property name="user.script" value=""/>
    <property name="user.country" value="GB"/>
    <property name="sun.java.launcher" value="SUN_STANDARD"/>
    <property name="java.vm.specification.name" value="Java Virtual Machine Specification"/>
    <property name="user.dir" value="C:\Users\Krishna\eclipse-workspace\LumiraDXblogAPI"/>
    <property name="java.vm.compressedOopsMode" value="Zero based"/>
    <property name="java.runtime.version" value="14.0.1+7"/>
    <property name="os.arch" value="amd64"/>
    <property name="java.io.tmpdir" value="C:\Users\Krishna\AppData\Local\Temp\"/>
    <property name="line.separator" value="
"/>
    <property name="java.vm.specification.vendor" value="Oracle Corporation"/>
    <property name="user.variant" value=""/>
    <property name="os.name" value="Windows 10"/>
    <property name="classworlds.conf" value="C:\Program Files\maven\apache-maven-3.6.2\bin\..\bin\m2.conf"/>
    <property name="sun.jnu.encoding" value="Cp1252"/>
    <property name="java.library.path" value="C:\Program Files\Java\jdk-14.0.1\bin;C:\WINDOWS\Sun\Java\bin;C:\WINDOWS\system32;C:\WINDOWS;C:\Program Files\Java\jdk-14.0.1\bin;C:\Program Files (x86)\Common Files\Oracle\Java\javapath;C:\app\Krishna\product\18.0.0\dbhomeXE\bin;C:\Program Files (x86)\iis express\PHP\v5.3;C:\Program Files (x86)\iis express\PHP\v5.5;C:\ProgramData\Oracle\Java\javapath;C:\Program Files (x86)\Intel\iCLS Client\;C:\Program Files\Intel\iCLS Client\;C:\WINDOWS\system32;C:\WINDOWS;C:\WINDOWS\System32\Wbem;C:\WINDOWS\System32\WindowsPowerShell\v1.0\;C:\Program Files\Hewlett-Packard\SimplePass\;C:\Program Files\Intel\Intel(R) Management Engine Components\DAL;C:\Program Files (x86)\Intel\Intel(R) Management Engine Components\DAL;C:\Program Files\Intel\Intel(R) Management Engine Components\IPT;C:\Program Files (x86)\Intel\Intel(R) Management Engine Components\IPT;C:\Program Files (x86)\Microsoft SDKs\TypeScript\1.0\;C:\Program Files (x86)\QuickTime\QTSystem\;C:\Program Files\MySQL\MySQL Server 5.5\bin;C:\WINDOWS\system32;C:\WINDOWS;C:\WINDOWS\System32\Wbem;C:\WINDOWS\System32\WindowsPowerShell\v1.0\;C:\Program Files (x86)\Microsoft SQL Server\Client SDK\ODBC\130\Tools\Binn\;C:\Program Files (x86)\Microsoft SQL Server\130\Tools\Binn\;C:\Program Files (x86)\Microsoft SQL Server\130\DTS\Binn\;C:\Program Files (x86)\Microsoft SQL Server\130\Tools\Binn\ManagementStudio\;C:\WINDOWS\system32\config\systemprofile\.dnx\bin;C:\Program Files\Microsoft DNX\Dnvm\;C:\Program Files\Microsoft SQL Server\120\Tools\Binn\;C:\Program Files\Microsoft SQL Server\130\Tools\Binn\;C:\Program Files\Git\cmd;C:\Program Files (x86)\Windows Kits\10\Windows Performance Toolkit\;C:\WINDOWS\System32\OpenSSH\;C:\Program Files\maven\apache-maven-3.6.2\bin;C:\Program Files (x86)\nodejs\;C:\Users\Krishna\AppData\Local\Microsoft\WindowsApps;C:\Users\Krishna\AppData\Roaming\npm;C:\Users\Krishna\AppData\Local\Programs\Python\Python38-32;C:\Users\Krishna\AppData\Local\Programs\Python\Python38-32\Scripts\;C:\Users\Krishna\AppData\Local\Packages\PythonSoftwareFoundation.Python.3.8_qbz5n2kfra8p0\LocalCache\local-packages\Python38\Scripts;;."/>
    <property name="maven.conf" value="C:\Program Files\maven\apache-maven-3.6.2\bin\../conf"/>
    <property name="jdk.debug" value="release"/>
    <property name="java.class.version" value="58.0"/>
    <property name="java.specification.name" value="Java Platform API Specification"/>
    <property name="sun.management.compiler" value="HotSpot 64-Bit Tiered Compilers"/>
    <property name="os.version" value="10.0"/>
    <property name="library.jansi.path" value="C:\Program Files\maven\apache-maven-3.6.2\bin\..\lib\jansi-native"/>
    <property name="user.home" value="C:\Users\Krishna"/>
    <property name="user.timezone" value="Europe/London"/>
    <property name="file.encoding" value="Cp1252"/>
    <property name="java.specification.version" value="14"/>
    <property name="user.name" value="Krishna"/>
    <property name="java.class.path" value="C:\Program Files\maven\apache-maven-3.6.2\bin\..\boot\plexus-classworlds-2.6.0.jar"/>
    <property name="java.vm.specification.version" value="14"/>
    <property name="sun.arch.data.model" value="64"/>
    <property name="sun.java.command" value="org.codehaus.plexus.classworlds.launcher.Launcher test"/>
    <property name="java.home" value="C:\Program Files\Java\jdk-14.0.1"/>
    <property name="user.language" value="en"/>
    <property name="java.specification.vendor" value="Oracle Corporation"/>
    <property name="java.vm.info" value="mixed mode, sharing"/>
    <property name="java.version" value="14.0.1"/>
    <property name="java.vendor" value="Oracle Corporation"/>
    <property name="sun.stderr.encoding" value="cp850"/>
    <property name="maven.home" value="C:\Program Files\maven\apache-maven-3.6.2\bin\.."/>
    <property name="file.separator" value="\"/>
    <property name="java.version.date" value="2020-04-14"/>
    <property name="java.vendor.url.bug" value="https://bugreport.java.com/bugreport/"/>
    <property name="sun.io.unicode.encoding" value="UnicodeLittle"/>
    <property name="sun.cpu.endian" value="little"/>
    <property name="sun.stdout.encoding" value="cp850"/>
    <property name="sun.cpu.isalist" value="amd64"/>
  </properties>
  <testcase classname="Operations to blog category" name="TC01 - Returns list of all blog categories" time="4.599"/>
  <testcase classname="Operations to blog category" name="TC02 - Add a new category using id and name" time="1.664">
    <failure message="expected:&lt;[G]ardening&gt; but was:&lt;[]ardening&gt;" type="org.junit.ComparisonFailure">org.junit.ComparisonFailure: expected:&lt;[G]ardening&gt; but was:&lt;[]ardening&gt;
	at org.junit.Assert.assertEquals(Assert.java:117)
	at org.junit.Assert.assertEquals(Assert.java:146)
	at steps.blogCategories.checkGetResponseForTheNameOfhIdToBe(blogCategories.java:106)
	at ✽.check get list of categories response for the name of the item with id 4 to be &quot;Gardening&quot;(file:///C:/Users/Krishna/eclipse-workspace/LumiraDXblogAPI/src/test/resources/featureFiles/blogCategory.feature:15)
</failure>
    <system-out>
Scenario Outline: TC02 - Add a new category using id and name                                      # src/test/resources/featureFiles/blogCategory.feature:18
  Given I have the number of categories present                                                    # steps.blogCategories.getCountOfCategories()
  When I set the POST service endpoint for adding new blog category with id 4 and name &quot;Gardening&quot; # steps.blogCategories.addCategoryWithIdAndName(int,java.lang.String)
  Then check statusCode is 201                                                                     # steps.commonSteps.checkStatusCodeIs(int)
  And check response content type is &quot;application/json&quot;                                            # steps.commonSteps.responseContentTypeIs(java.lang.String)
  And check the get list of categories response if number of categories is incremented by one      # steps.blogCategories.checkCategoryListSizeAfterAddingNewCategory()
  And check get list of categories response for the name of the item with id 4 to be &quot;Gardening&quot;   # steps.blogCategories.checkGetResponseForTheNameOfhIdToBe(int,java.lang.String)
      org.junit.ComparisonFailure: expected:&lt;[G]ardening&gt; but was:&lt;[]ardening&gt;
	at org.junit.Assert.assertEquals(Assert.java:117)
	at org.junit.Assert.assertEquals(Assert.java:146)
	at steps.blogCategories.checkGetResponseForTheNameOfhIdToBe(blogCategories.java:106)
	at âœ½.check get list of categories response for the name of the item with id 4 to be &quot;Gardening&quot;(file:///C:/Users/Krishna/eclipse-workspace/LumiraDXblogAPI/src/test/resources/featureFiles/blogCategory.feature:15)

</system-out>
  </testcase>
  <testcase classname="Operations to blog category" name="TC02 - Add a new category using id and name" time="0.583">
    <failure message="expected:&lt;[S]ports&gt; but was:&lt;[]ports&gt;" type="org.junit.ComparisonFailure">org.junit.ComparisonFailure: expected:&lt;[S]ports&gt; but was:&lt;[]ports&gt;
	at org.junit.Assert.assertEquals(Assert.java:117)
	at org.junit.Assert.assertEquals(Assert.java:146)
	at steps.blogCategories.checkGetResponseForTheNameOfhIdToBe(blogCategories.java:106)
	at ✽.check get list of categories response for the name of the item with id 5 to be &quot;Sports&quot;(file:///C:/Users/Krishna/eclipse-workspace/LumiraDXblogAPI/src/test/resources/featureFiles/blogCategory.feature:15)
</failure>
    <system-out>
Scenario Outline: TC02 - Add a new category using id and name                                   # src/test/resources/featureFiles/blogCategory.feature:19
  Given I have the number of categories present                                                 # steps.blogCategories.getCountOfCategories()
  When I set the POST service endpoint for adding new blog category with id 5 and name &quot;Sports&quot; # steps.blogCategories.addCategoryWithIdAndName(int,java.lang.String)
  Then check statusCode is 201                                                                  # steps.commonSteps.checkStatusCodeIs(int)
  And check response content type is &quot;application/json&quot;                                         # steps.commonSteps.responseContentTypeIs(java.lang.String)
  And check the get list of categories response if number of categories is incremented by one   # steps.blogCategories.checkCategoryListSizeAfterAddingNewCategory()
  And check get list of categories response for the name of the item with id 5 to be &quot;Sports&quot;   # steps.blogCategories.checkGetResponseForTheNameOfhIdToBe(int,java.lang.String)
      org.junit.ComparisonFailure: expected:&lt;[S]ports&gt; but was:&lt;[]ports&gt;
	at org.junit.Assert.assertEquals(Assert.java:117)
	at org.junit.Assert.assertEquals(Assert.java:146)
	at steps.blogCategories.checkGetResponseForTheNameOfhIdToBe(blogCategories.java:106)
	at âœ½.check get list of categories response for the name of the item with id 5 to be &quot;Sports&quot;(file:///C:/Users/Krishna/eclipse-workspace/LumiraDXblogAPI/src/test/resources/featureFiles/blogCategory.feature:15)

</system-out>
  </testcase>
  <testcase classname="Operations to blog category" name="TC03 - Add a new category using name" time="0.358">
    <failure message="expected:&lt;[Travel]&gt; but was:&lt;[ature]&gt;" type="org.junit.ComparisonFailure">org.junit.ComparisonFailure: expected:&lt;[Travel]&gt; but was:&lt;[ature]&gt;
	at org.junit.Assert.assertEquals(Assert.java:117)
	at org.junit.Assert.assertEquals(Assert.java:146)
	at steps.blogCategories.checkIfAddedNameIsCorrect(blogCategories.java:41)
	at ✽.check get list of categories response for the name of the last item to be &quot;Travel&quot;(file:///C:/Users/Krishna/eclipse-workspace/LumiraDXblogAPI/src/test/resources/featureFiles/blogCategory.feature:27)
</failure>
    <system-out>
Scenario Outline: TC03 - Add a new category using name                                        # src/test/resources/featureFiles/blogCategory.feature:30
  Given I have the number of categories present                                               # steps.blogCategories.getCountOfCategories()
  When I set the POST service endpoint for adding new blog category with name &quot;Nature&quot;        # steps.blogCategories.addCategoryWithId(java.lang.String)
  Then check statusCode is 201                                                                # steps.commonSteps.checkStatusCodeIs(int)
  And check response content type is &quot;application/json&quot;                                       # steps.commonSteps.responseContentTypeIs(java.lang.String)
  And check the get list of categories response if number of categories is incremented by one # steps.blogCategories.checkCategoryListSizeAfterAddingNewCategory()
  And check get list of categories response for the name of the last item to be &quot;Travel&quot;      # steps.blogCategories.checkIfAddedNameIsCorrect(java.lang.String)
      org.junit.ComparisonFailure: expected:&lt;[Travel]&gt; but was:&lt;[ature]&gt;
	at org.junit.Assert.assertEquals(Assert.java:117)
	at org.junit.Assert.assertEquals(Assert.java:146)
	at steps.blogCategories.checkIfAddedNameIsCorrect(blogCategories.java:41)
	at âœ½.check get list of categories response for the name of the last item to be &quot;Travel&quot;(file:///C:/Users/Krishna/eclipse-workspace/LumiraDXblogAPI/src/test/resources/featureFiles/blogCategory.feature:27)

</system-out>
  </testcase>
  <testcase classname="Operations to blog category" name="TC04 - Add a new category using int data type for name" time="0.098"/>
  <testcase classname="Operations to blog category" name="TC05 - Add a new category using an existing id and name" time="0.978"/>
  <testcase classname="Operations to blog category" name="TC06 - Add a new category using only id" time="0.12"/>
  <testcase classname="Operations to blog category" name="TC07 - Delete a category with id that doesn&apos;t exist" time="0.133"/>
  <testcase classname="Operations to blog category" name="TC08 - Delete a category with id in endpoint" time="0.371"/>
  <testcase classname="Operations to blog category" name="TC09 - Return a category with a list of posts for a valid category id" time="0.162"/>
  <testcase classname="Operations to blog category" name="TC10 - Return a category with a list of posts for invalid category id" time="0.082"/>
  <testcase classname="Operations to blog category" name="TC11 - Updates a blog category" time="0.324"/>
  <testcase classname="Operations to blog category" name="TC12 - Update a category using an id that doesn&apos;t exist" time="0.104"/>
  <testcase classname="Operations to blog posts" name="TC13 - Returns list of blog posts" time="0.351"/>
  <testcase classname="Operations to blog posts" name="TC14 - Returns list of blog posts" time="0.159">
    <failure message="expected:&lt;2&gt; but was:&lt;1&gt;" type="java.lang.AssertionError">java.lang.AssertionError: expected:&lt;2&gt; but was:&lt;1&gt;
	at org.junit.Assert.fail(Assert.java:89)
	at org.junit.Assert.failNotEquals(Assert.java:835)
	at org.junit.Assert.assertEquals(Assert.java:647)
	at org.junit.Assert.assertEquals(Assert.java:633)
	at steps.listsOfBlogPosts.checkResponseForTotalPostsTotalPages(listsOfBlogPosts.java:24)
	at ✽.check response for 2 , 2 and totalPages(file:///C:/Users/Krishna/eclipse-workspace/LumiraDXblogAPI/src/test/resources/featureFiles/blogPosts.feature:18)
</failure>
    <system-out>
Scenario Outline: TC14 - Returns list of blog posts                                    # src/test/resources/featureFiles/blogPosts.feature:21
  Given I set the GET service endpoint for list of posts with parameters 2 , 2, &quot;true&quot; # steps.listsOfBlogPosts.getListOfPosts(int,int,java.lang.String)
  Then check statusCode is 200                                                         # steps.commonSteps.checkStatusCodeIs(int)
  And check response content type is &quot;application/json&quot;                                # steps.commonSteps.responseContentTypeIs(java.lang.String)
  And validate response json schema with &quot;listOfPosts.json&quot;                            # steps.commonSteps.validateResponseJsonSchema(java.lang.String)
  And check response for 2 , 2 and totalPages                                          # steps.listsOfBlogPosts.checkResponseForTotalPostsTotalPages(int,int)
      java.lang.AssertionError: expected:&lt;2&gt; but was:&lt;1&gt;
	at org.junit.Assert.fail(Assert.java:89)
	at org.junit.Assert.failNotEquals(Assert.java:835)
	at org.junit.Assert.assertEquals(Assert.java:647)
	at org.junit.Assert.assertEquals(Assert.java:633)
	at steps.listsOfBlogPosts.checkResponseForTotalPostsTotalPages(listsOfBlogPosts.java:24)
	at âœ½.check response for 2 , 2 and totalPages(file:///C:/Users/Krishna/eclipse-workspace/LumiraDXblogAPI/src/test/resources/featureFiles/blogPosts.feature:18)

</system-out>
  </testcase>
  <testcase classname="Operations to blog posts" name="TC15 - Returns list of blog posts" time="0.195"/>
  <testcase classname="Operations to blog posts" name="TC16 - Returns list of blog posts without query parameters" time="0.213"/>
  <testcase classname="Operations to blog posts" name="TC17 -  Create a new blog post" time="0.39"/>
  <testcase classname="Operations to blog posts" name="TC18 - Create a new blog post with no body" time="0.118"/>
  <testcase classname="Operations to blog posts" name="TC19 - Create a new blog post with no title" time="0.204"/>
  <testcase classname="Operations to blog posts" name="TC20 - Create a new blog post with no categoryId" time="0.22"/>
  <testcase classname="Operations to blog posts" name="TC21 - Returns list of blog posts for specific year" time="0.222"/>
  <testcase classname="Operations to blog posts" name="TC22 - Returns list of blog posts for specific year with default perPage" time="0.221"/>
  <testcase classname="Operations to blog posts" name="TC23 - Returns list of blog posts for specific month and year" time="0.233"/>
  <testcase classname="Operations to blog posts" name="TC24 - Returns list of blog posts for specific month, year and default perPage" time="0.187"/>
  <testcase classname="Operations to blog posts" name="TC25 - Returns list of blog posts for specific month , year and date" time="0.217"/>
  <testcase classname="Operations to blog posts" name="TC26 - Returns list of blog posts for specific month , year, date and default perPage" time="0.257"/>
  <testcase classname="Operations to blog posts" name="TC27 - Delete blog post that doesn&apos;t exist" time="0.15"/>
  <testcase classname="Operations to blog posts" name="TC28 - Delete blog post" time="0.215"/>
  <testcase classname="Operations to blog posts" name="TC29 - Get a blog post by id that doesn&apos;t exist" time="0.074"/>
  <testcase classname="Operations to blog posts" name="TC30 - Get a blog post by id" time="0.083"/>
  <testcase classname="Operations to blog posts" name="TC31 - Update a post for postID with all details" time="0.261"/>
  <testcase classname="Operations to blog posts" name="TC32 - Update a post for postID with no categoryId" time="0.067"/>
  <testcase classname="Operations to blog posts" name="TC33 - Update a post for postID with no title" time="0.1"/>
  <testcase classname="Operations to blog posts" name="TC34 - Update a post for postID with no body" time="0.044"/>
  <testcase classname="Operations to blog posts" name="TC35 - Update a post for postID with all details" time="0.056"/>
</testsuite>