<?xml version="1.0" encoding="UTF-8"?>
<!-- Generated by org.testng.reporters.JUnitReportReporter -->
<testsuite hostname="Charvik_PC" failures="0" tests="1" name="blogCategoriesTests.ReturnsListOfBlogCategories"
           time="3.163" errors="0" timestamp="2020-06-26T12:30:39 BST" skipped="0">
    <testcase classname="blogCategoriesTests.ReturnsListOfBlogCategories" name="returnListofCategories" time="3.163"/>
    <system-out/>
</testsuite> <!-- blogCategoriesTests.ReturnsListOfBlogCategories -->
